<?xml version="1.0" encoding="UTF-8"?>
<testng-results skipped="0" failed="0" ignored="0" total="2" passed="2">
  <reporter-output>
  </reporter-output>
  <suite name="Default suite" duration-ms="64" started-at="2020-01-26T15:06:17Z" finished-at="2020-01-26T15:06:17Z">
    <groups>
    </groups>
    <test name="Default test" duration-ms="64" started-at="2020-01-26T15:06:17Z" finished-at="2020-01-26T15:06:17Z">
      <class name="AnnotationsDemo.TestAnnotationsPratice">
        <test-method status="PASS" signature="m2()[pri:9, instance:AnnotationsDemo.TestAnnotationsPratice@51efea79]" name="m2" duration-ms="16" started-at="2020-01-26T15:06:17Z" finished-at="2020-01-26T15:06:17Z">
          <reporter-output>
          </reporter-output>
        </test-method> <!-- m2 -->
        <test-method status="PASS" signature="m1()[pri:10, instance:AnnotationsDemo.TestAnnotationsPratice@51efea79]" name="m1" duration-ms="3" started-at="2020-01-26T15:06:17Z" finished-at="2020-01-26T15:06:17Z">
          <reporter-output>
          </reporter-output>
        </test-method> <!-- m1 -->
      </class> <!-- AnnotationsDemo.TestAnnotationsPratice -->
    </test> <!-- Default test -->
  </suite> <!-- Default suite -->
</testng-results>
